<?xml version="1.0" encoding="UTF-8"?>
<testsuite xmlns:xsi="http://www.w3.org/2001/XMLSchema-instance" xsi:noNamespaceSchemaLocation="https://maven.apache.org/surefire/maven-surefire-plugin/xsd/surefire-test-report.xsd" version="3.0.2" name="com.bajaj.qualifier1.Qualifier1ApplicationTests" time="3.659" tests="1" errors="0" skipped="0" failures="0">
  <properties>
[...]
</properties>
  <testcase name="contextLoads" classname="com.bajaj.qualifier1.Qualifier1ApplicationTests" time="0.791">
    <system-out><![CDATA[16:59:36.072 [main] INFO org.springframework.test.context.support.AnnotationConfigContextLoaderUtils -- Could not detect default configuration classes for test class [com.bajaj.qualifier1.Qualifier1ApplicationTests]: Qualifier1ApplicationTests does not declare any static, non-private, non-final, nested classes annotated with @Configuration.
16:59:36.246 [main] INFO org.springframework.boot.test.context.SpringBootTestContextBootstrapper -- Found @SpringBootConfiguration com.bajaj.qualifier1.Qualifier1Application for test class com.bajaj.qualifier1.Qualifier1ApplicationTests
2025-12-01T16:59:36.708+05:30  INFO 16636 --- [           main] c.b.q.Qualifier1ApplicationTests         : Starting Qualifier1ApplicationTests using Java 21.0.1 with PID 16636 (started by NISHU in C:\Users\asus\Downloads\qualifier1)
2025-12-01T16:59:36.713+05:30  INFO 16636 --- [           main] c.b.q.Qualifier1ApplicationTests         : No active profile set, falling back to 1 default profile: "default"
2025-12-01T16:59:38.078+05:30  INFO 16636 --- [           main] c.b.q.Qualifier1ApplicationTests         : Started Qualifier1ApplicationTests in 1.656 seconds (process running for 2.881)
🚀 Sending POST request to generate webhook...
✅ Webhook generated successfully!
📩 Webhook URL: https://bfhldevapigw.healthrx.co.in/hiring/testWebhook/JAVA
🔑 Access Token: eyJhbGciOiJIUzI1NiJ9.eyJyZWdObyI6IlJFRzEyMzQ2IiwibmFtZSI6Ik5pc2h1IEt1bWFyaSIsImVtYWlsIjoia3VtYXJpbmlzaHU0MDdAZ21haWwuY29tIiwic3ViIjoid2ViaG9vay11c2VyIiwiaWF0IjoxNzY0NTg4NTc4LCJleHAiOjE3NjQ1ODk0Nzh9.5Q_FmHIZDibsvvUJb1e2MJV1OISEv8RyzjEuExddNXE

🚀 Sending SQL query to webhook...
✅ Query submission completed!
🧾 Response Code: 200
📜 Response Body: {"success":true,"message":"Webhook processed successfully"}
]]></system-out>
    <system-err><![CDATA[Mockito is currently self-attaching to enable the inline-mock-maker. This will no longer work in future releases of the JDK. Please add Mockito as an agent to your build what is described in Mockito's documentation: https://javadoc.io/doc/org.mockito/mockito-core/latest/org/mockito/Mockito.html#0.3
WARNING: A Java agent has been loaded dynamically (C:\Users\asus\.m2\repository\net\bytebuddy\byte-buddy-agent\1.15.11\byte-buddy-agent-1.15.11.jar)
WARNING: If a serviceability tool is in use, please run with -XX:+EnableDynamicAgentLoading to hide this warning
WARNING: If a serviceability tool is not in use, please run with -Djdk.instrument.traceUsage for more information
WARNING: Dynamic loading of agents will be disallowed by default in a future release
]]></system-err>
  </testcase>
</testsuite>